2024/08/09 02:35:18am,Error: Incorrect number of columns found in input file!
2024/08/09 02:35:45am,Error: Incorrect number of columns found in input file!
2024/08/09 02:36:07am,Error: Incorrect number of columns found in input file!
2024/08/09 02:36:44am,Error: Incorrect number of columns found in input file!
2024/08/09 02:36:57am,Error: Incorrect number of columns found in input file!
2024/08/09 02:40:38am,Error: Incorrect number of columns found in input file!
2024/08/09 02:40:38am,Error: Incorrect number of columns found in input file!
2024/08/09 02:40:38am,Error: Incorrect number of columns found in input file!
2024/08/09 02:40:38am,Error: Incorrect number of columns found in input file!
2024/08/09 02:40:50am,Error: Incorrect number of columns found in input file!
2024/08/09 02:40:50am,Error: Incorrect number of columns found in input file!
2024/08/09 02:40:50am,Error: Incorrect number of columns found in input file!
2024/08/09 02:40:50am,Error: Incorrect number of columns found in input file!
2024/08/09 02:42:47am,Error: Incorrect number of columns found in input file!
2024/08/09 09:26:04pm,Error: Invalid user Id passed!
2024/08/09 09:27:06pm,Error: Invalid user Id passed!
2024/08/09 09:27:19pm,Error: Invalid user Id passed!
2024/08/09 09:27:48pm,Error: Invalid user Id passed!
2024/08/09 09:30:06pm,Error: Invalid user Id passed!
2024/08/09 09:30:40pm,Error: Invalid user Id passed!
2024/08/09 09:34:47pm,Error: Invalid user Id passed!
2024/08/09 09:35:58pm,Error: Invalid user Id passed!
2024/08/09 09:40:26pm,Error: Invalid user Id passed!
2024/08/09 09:41:04pm,Error: Invalid first name passed!
2024/08/09 09:43:10pm,Error: Invalid user Id passed!
2024/08/09 09:43:27pm,Error: Invalid user Id passed!
2024/08/09 09:43:55pm,Error: Invalid user Id passed!
2024/08/09 09:44:33pm,Error: Invalid first name passed!
2024/08/09 09:44:58pm,Error: Incorrect number of columns found in input file!
2024/08/09 10:22:04pm,Error: Incorrect number of columns found in input file!
2024/08/09 10:24:10pm,Error: Incorrect number of columns found in input file!
2024/08/09 10:25:46pm,Error: Incorrect number of columns found in input file!
2024/08/09 10:27:59pm,Error: Incorrect number of columns found in input file!
2024/08/09 10:28:06pm,Error: Incorrect number of columns found in input file!
2024/08/09 10:28:39pm,Error: Incorrect number of columns found in input file!
2024/08/09 10:29:05pm,Error: Invalid email passed!
2024/08/09 10:29:10pm,Error: Incorrect number of columns found in input file!
2024/08/09 10:29:18pm,Error: Incorrect number of columns found in input file!
2024/08/09 10:30:19pm,Error: Invalid email passed!
2024/08/09 10:30:30pm,Error: Incorrect number of columns found in input file!
2024/08/09 10:30:39pm,Error: Incorrect number of columns found in input file!
2024/08/09 10:36:12pm,Error: Incorrect number of columns found in input file!
2024/08/09 10:36:25pm,Error: Incorrect number of columns found in input file!
2024/08/09 10:37:45pm,Error: Incorrect number of columns found in input file!
2024/08/09 11:04:56pm,Error: Incorrect number of columns found in input file!
2024/08/09 11:13:23pm,Error: Invalid email passed!
2024/08/09 11:14:08pm,Error: Incorrect number of columns found in input file!
2024/08/09 11:14:58pm,Error: Incorrect number of columns found in input file!
2024/08/09 11:16:42pm,Error: Invalid email passed!
2024/08/09 11:18:05pm,Error: Incorrect number of columns found in input file!
2024/08/09 11:18:43pm,Error: Incorrect number of columns found in input file!
2024/08/09 11:20:43pm,Error: Incorrect number of columns found in input file!
2024/08/09 11:21:46pm,Error: Incorrect number of columns found in input file!
2024/08/09 11:22:23pm,Error: Incorrect number of columns found in input file!
2024/08/09 11:22:47pm,Error: Incorrect number of columns found in input file!
2024/08/09 11:23:09pm,Error: Incorrect number of columns found in input file!
2024/08/09 11:25:18pm,Error: Incorrect number of columns found in input file!
2024/08/09 11:29:17pm,Error: Incorrect number of columns found in input file!
